
case 1 (bp)
-------------------------
exe   user

.279 
        83.936
.284
       11.197
.033
       4.905
.030
        .848
.030
        .750
.030
        1.279
.030
         .598
.032
         1.068
.031
          .672
.030
         .558
.030
          1.070
.030
          .566
.031
          2.094
.031
         1.144
.029
         2.506
.028
         38.152
.275
         3.914
.029
        3.492
.031
        2.063
.030
        1.1436
.033
        3.227
.031
         16.538
.033
        2.525
.030
        27.345
.289
          5.041
.032
         3.195
.031
         .961
.032
         .813
.031
          .738
.032
          .713
.033
         1.248
.031
         .841
.033
        .626
.031
         .531
.032
         1.244
.029
        61.596
.029
         8.660
.649
         17.391


case 2 (qp)
--------------------------      
exe   user

1.708
        162.802
.223
       29.913
